[INFO  - 2016-08-07T01:44:56.024Z] GhostDriver - Main - running on port 3305
[INFO  - 2016-08-07T01:44:57.170Z] Session [8ba00040-5c40-11e6-898d-cf432614dc59] - page.settings - {"XSSAuditingEnabled":false,"javascriptCanCloseWindows":true,"javascriptCanOpenWindows":true,"javascriptEnabled":true,"loadImages":true,"localToRemoteUrlAccessEnabled":false,"userAgent":"Mozilla/5.0 (Windows NT 6.2; WOW64) AppleWebKit/538.1 (KHTML, like Gecko) PhantomJS/2.1.1 Safari/538.1","webSecurityEnabled":true}
[INFO  - 2016-08-07T01:44:57.170Z] Session [8ba00040-5c40-11e6-898d-cf432614dc59] - page.customHeaders:  - {}
[INFO  - 2016-08-07T01:44:57.170Z] Session [8ba00040-5c40-11e6-898d-cf432614dc59] - Session.negotiatedCapabilities - {"browserName":"phantomjs","version":"2.1.1","driverName":"ghostdriver","driverVersion":"1.2.0","platform":"windows-8.1-32bit","javascriptEnabled":true,"takesScreenshot":true,"handlesAlerts":false,"databaseEnabled":false,"locationContextEnabled":false,"applicationCacheEnabled":false,"browserConnectionEnabled":false,"cssSelectorsEnabled":true,"webStorageEnabled":false,"rotatable":false,"acceptSslCerts":false,"nativeEvents":true,"proxy":{"proxyType":"direct"}}
[INFO  - 2016-08-07T01:44:57.170Z] SessionManagerReqHand - _postNewSessionCommand - New Session Created: 8ba00040-5c40-11e6-898d-cf432614dc59
[INFO  - 2016-08-07T01:48:37.084Z] SessionManagerReqHand - _cleanupWindowlessSessions - Asynchronous Sessions clean-up phase starting NOW
[INFO  - 2016-08-07T01:48:37.085Z] SessionManagerReqHand - _cleanupWindowlessSessions - Deleted Session '5cd2f3d0-5c40-11e6-90a1-dd1c3714a979', because windowless
Search Stop Time: 1470534340970

  phantomjs://platform/console++.js:263 in error
[ERROR - 2016-08-07T01:45:41.856Z] WebElementLocator - _handleLocateCommand - Element(s) NOT Found: GAVE UP. Search Stop Time: 1470534341847

  phantomjs://platform/console++.js:263 in error
[ERROR - 2016-08-07T01:45:42.745Z] WebElementLocator - _handleLocateCommand - Element(s) NOT Found: GAVE UP. Search Stop Time: 1470534342690

  phantomjs://platform/console++.js:263 in error
[ERROR - 2016-08-07T01:45:43.607Z] WebElementLocator - _handleLocateCommand - Element(s) NOT Found: GAVE UP. Search Stop Time: 1470534343551

  phantomjs://platform/console++.js:263 in error
[ERROR - 2016-08-07T01:45:44.470Z] WebElementLocator - _handleLocateCommand - Element(s) NOT Found: GAVE UP. Search Stop Time: 1470534344412

  phantomjs://platform/console++.js:263 in error
[ERROR - 2016-08-07T01:45:45.323Z] WebElementLocator - _handleLocateCommand - Element(s) NOT Found: GAVE UP. Search Stop Time: 1470534345265

  phantomjs://platform/console++.js:263 in error
[ERROR - 2016-08-07T01:45:46.187Z] WebElementLocator - _handleLocateCommand - Element(s) NOT Found: GAVE UP. Search Stop Time: 1470534346124

  phantomjs://platform/console++.js:263 in error
[ERROR - 2016-08-07T01:45:47.030Z] WebElementLocator - _handleLocateCommand - Element(s) NOT Found: GAVE UP. Search Stop Time: 1470534346966

  phantomjs://platform/console++.js:263 in error
[ERROR - 2016-08-07T01:45:47.833Z] WebElementLocator - _handleLocateCommand - Element(s) NOT Found: GAVE UP. Search Stop Time: 1470534347828

  phantomjs://platform/console++.js:263 in error
[ERROR - 2016-08-07T01:45:48.710Z] WebElementLocator - _handleLocateCommand - Element(s) NOT Found: GAVE UP. Search Stop Time: 1470534348657

  phantomjs://platform/console++.js:263 in error
[ERROR - 2016-08-07T01:45:49.560Z] WebElementLocator - _handleLocateCommand - Element(s) NOT Found: GAVE UP. Search Stop Time: 1470534349506

  phantomjs://platform/console++.js:263 in error
[INFO  - 2016-08-07T01:49:56.022Z] SessionManagerReqHand - _cleanupWindowlessSessions - Asynchronous Sessions clean-up phase starting NOW
[INFO  - 2016-08-07T01:54:56.024Z] SessionManagerReqHand - _cleanupWindowlessSessions - Asynchronous Sessions clean-up phase starting NOW
